<?xml version="1.0" encoding="UTF-8"?>
<!-- Generated by org.testng.reporters.JUnitReportReporter -->
<testsuite skipped="0" hostname="snehal" name="com.automationLearn.testcases.LoginTest" tests="2" failures="0" timestamp="2021-09-26T20:29:41 IST" time="5.937" errors="0">
  <testcase name="login" time="4.629" classname="com.automationLearn.testcases.LoginTest"/>
  <system-out/>
  <testcase name="login2" time="1.308" classname="com.automationLearn.testcases.LoginTest"/>
  <system-out/>
</testsuite> <!-- com.automationLearn.testcases.LoginTest -->
